13:12:52,405 ERROR [freemarker.runtime] 

Expression (page.url.args.theme!theme) is undefined on line 9, column 18 in org/alfresco/include/alfresco-template.ftl.
The problematic instruction:
----------
==> assignment: theme=(page.url.args.theme!theme)?html [on line 9, column 1 in org/alfresco/include/alfresco-template.ftl]
 in include "../include/alfresco-template.ftl" [on line 1, column 1 in org/alfresco/global/slingshot-login.ftl]
----------

Java backtrace for programmers:
----------
freemarker.core.InvalidReferenceException: Expression (page.url.args.theme!theme) is undefined on line 9, column 18 in org/alfresco/include/alfresco-template.ftl.
	at freemarker.core.TemplateObject.assertNonNull(TemplateObject.java:124)
	at freemarker.core.Expression.getStringValue(Expression.java:118)
	at freemarker.core.Expression.getStringValue(Expression.java:93)
	at freemarker.core.StringBuiltins$StringBuiltIn._getAsTemplateModel(StringBuiltins.java:71)
	at freemarker.core.Expression.getAsTemplateModel(Expression.java:89)
	at freemarker.core.Assignment.accept(Assignment.java:90)
	at freemarker.core.Environment.visit(Environment.java:208)
	at freemarker.core.MixedContent.accept(MixedContent.java:92)
	at freemarker.core.Environment.visit(Environment.java:208)
	at freemarker.core.Environment.include(Environment.java:1481)
	at freemarker.core.Include.accept(Include.java:169)
	at freemarker.core.Environment.visit(Environment.java:208)
	at freemarker.core.MixedContent.accept(MixedContent.java:92)
	at freemarker.core.Environment.visit(Environment.java:208)
	at freemarker.core.Environment.process(Environment.java:188)
	at org.springframework.extensions.webscripts.processor.FTLTemplateProcessor.process(FTLTemplateProcessor.java:171)
	at org.springframework.extensions.webscripts.WebTemplateProcessor.executeBody(WebTemplateProcessor.java:438)
	at org.springframework.extensions.surf.render.AbstractProcessor.execute(AbstractProcessor.java:57)
	at org.springframework.extensions.surf.render.RenderService.processTemplate(RenderService.java:721)
	at org.springframework.extensions.surf.render.bean.TemplateInstanceRenderer.calculateComponentDependencies(TemplateInstanceRenderer.java:61)
	at org.springframework.extensions.surf.render.bean.TemplateInstanceRenderer.body(TemplateInstanceRenderer.java:118)
	at org.springframework.extensions.surf.render.AbstractRenderer.render(AbstractRenderer.java:77)
	at org.springframework.extensions.surf.render.bean.PageRenderer.body(PageRenderer.java:85)
	at org.springframework.extensions.surf.render.AbstractRenderer.render(AbstractRenderer.java:77)
	at org.springframework.extensions.surf.render.RenderService.renderPage(RenderService.java:762)
	at org.springframework.extensions.surf.mvc.PageView.dispatchPage(PageView.java:419)
	at org.springframework.extensions.surf.mvc.PageView.renderView(PageView.java:258)
	at org.springframework.extensions.surf.mvc.AbstractWebFrameworkView.renderMergedOutputModel(AbstractWebFrameworkView.java:316)
	at org.springframework.web.servlet.view.AbstractView.render(AbstractView.java:262)
	at org.springframework.web.servlet.DispatcherServlet.render(DispatcherServlet.java:1180)
	at org.springframework.web.servlet.DispatcherServlet.doDispatch(DispatcherServlet.java:950)
	at org.springframework.web.servlet.DispatcherServlet.doService(DispatcherServlet.java:852)
	at org.springframework.web.servlet.FrameworkServlet.processRequest(FrameworkServlet.java:882)
	at org.springframework.web.servlet.FrameworkServlet.doGet(FrameworkServlet.java:778)
	at javax.servlet.http.HttpServlet.service(HttpServlet.java:621)
	at javax.servlet.http.HttpServlet.service(HttpServlet.java:722)
	at org.apache.catalina.core.ApplicationFilterChain.internalDoFilter(ApplicationFilterChain.java:304)
	at org.apache.catalina.core.ApplicationFilterChain.doFilter(ApplicationFilterChain.java:210)
	at org.alfresco.web.site.servlet.MTAuthenticationFilter.doFilter(MTAuthenticationFilter.java:74)
	at org.apache.catalina.core.ApplicationFilterChain.internalDoFilter(ApplicationFilterChain.java:243)
	at org.apache.catalina.core.ApplicationFilterChain.doFilter(ApplicationFilterChain.java:210)
	at org.alfresco.web.site.servlet.SSOAuthenticationFilter.doFilter(SSOAuthenticationFilter.java:355)
	at org.apache.catalina.core.ApplicationFilterChain.internalDoFilter(ApplicationFilterChain.java:243)
	at org.apache.catalina.core.ApplicationFilterChain.doFilter(ApplicationFilterChain.java:210)
	at org.apache.catalina.core.StandardWrapperValve.invoke(StandardWrapperValve.java:224)
	at org.apache.catalina.core.StandardContextValve.invoke(StandardContextValve.java:175)
	at org.apache.catalina.authenticator.AuthenticatorBase.invoke(AuthenticatorBase.java:472)
	at org.apache.catalina.core.StandardHostValve.invoke(StandardHostValve.java:164)
	at org.apache.catalina.valves.ErrorReportValve.invoke(ErrorReportValve.java:100)
	at org.apache.catalina.valves.AccessLogValve.invoke(AccessLogValve.java:929)
	at org.apache.catalina.core.StandardEngineValve.invoke(StandardEngineValve.java:118)
	at org.apache.catalina.connector.CoyoteAdapter.service(CoyoteAdapter.java:405)
	at org.apache.coyote.http11.Http11Processor.process(Http11Processor.java:279)
	at org.apache.coyote.AbstractProtocol$AbstractConnectionHandler.process(AbstractProtocol.java:515)
	at org.apache.tomcat.util.net.JIoEndpoint$SocketProcessor.run(JIoEndpoint.java:300)
	at java.util.concurrent.ThreadPoolExecutor$Worker.runTask(ThreadPoolExecutor.java:886)
	at java.util.concurrent.ThreadPoolExecutor$Worker.run(ThreadPoolExecutor.java:908)
	at java.lang.Thread.run(Thread.java:680)
13:13:57,281 ERROR [freemarker.runtime] 

Expression args.htmlid is undefined on line 1, column 13 in org/alfresco/components/admin/edit-tag.get.html.ftl.
The problematic instruction:
----------
==> assignment: el=args.htmlid?html [on line 1, column 1 in org/alfresco/components/admin/edit-tag.get.html.ftl]
----------

Java backtrace for programmers:
----------
freemarker.core.InvalidReferenceException: Expression args.htmlid is undefined on line 1, column 13 in org/alfresco/components/admin/edit-tag.get.html.ftl.
	at freemarker.core.TemplateObject.assertNonNull(TemplateObject.java:124)
	at freemarker.core.Expression.getStringValue(Expression.java:118)
	at freemarker.core.Expression.getStringValue(Expression.java:93)
	at freemarker.core.StringBuiltins$StringBuiltIn._getAsTemplateModel(StringBuiltins.java:71)
	at freemarker.core.Expression.getAsTemplateModel(Expression.java:89)
	at freemarker.core.Assignment.accept(Assignment.java:90)
	at freemarker.core.Environment.visit(Environment.java:208)
	at freemarker.core.MixedContent.accept(MixedContent.java:92)
	at freemarker.core.Environment.visit(Environment.java:208)
	at freemarker.core.Environment.process(Environment.java:188)
	at org.springframework.extensions.webscripts.processor.FTLTemplateProcessor.process(FTLTemplateProcessor.java:171)
	at org.springframework.extensions.webscripts.AbstractWebScript.renderTemplate(AbstractWebScript.java:855)
	at org.springframework.extensions.webscripts.DeclarativeWebScript.renderFormatTemplate(DeclarativeWebScript.java:267)
	at org.springframework.extensions.webscripts.DeclarativeWebScript.execute(DeclarativeWebScript.java:147)
	at org.springframework.extensions.webscripts.PresentationContainer.executeScript(PresentationContainer.java:70)
	at org.springframework.extensions.webscripts.LocalWebScriptRuntimeContainer.executeScript(LocalWebScriptRuntimeContainer.java:240)
	at org.springframework.extensions.webscripts.AbstractRuntime.executeScript(AbstractRuntime.java:372)
	at org.springframework.extensions.webscripts.AbstractRuntime.executeScript(AbstractRuntime.java:209)
	at org.springframework.extensions.webscripts.servlet.mvc.WebScriptView.renderMergedOutputModel(WebScriptView.java:104)
	at org.springframework.web.servlet.view.AbstractView.render(AbstractView.java:262)
	at org.springframework.web.servlet.DispatcherServlet.render(DispatcherServlet.java:1180)
	at org.springframework.web.servlet.DispatcherServlet.doDispatch(DispatcherServlet.java:950)
	at org.springframework.web.servlet.DispatcherServlet.doService(DispatcherServlet.java:852)
	at org.springframework.web.servlet.FrameworkServlet.processRequest(FrameworkServlet.java:882)
	at org.springframework.web.servlet.FrameworkServlet.doGet(FrameworkServlet.java:778)
	at javax.servlet.http.HttpServlet.service(HttpServlet.java:621)
	at javax.servlet.http.HttpServlet.service(HttpServlet.java:722)
	at org.apache.catalina.core.ApplicationFilterChain.internalDoFilter(ApplicationFilterChain.java:304)
	at org.apache.catalina.core.ApplicationFilterChain.doFilter(ApplicationFilterChain.java:210)
	at org.alfresco.web.site.servlet.MTAuthenticationFilter.doFilter(MTAuthenticationFilter.java:74)
	at org.apache.catalina.core.ApplicationFilterChain.internalDoFilter(ApplicationFilterChain.java:243)
	at org.apache.catalina.core.ApplicationFilterChain.doFilter(ApplicationFilterChain.java:210)
	at org.alfresco.web.site.servlet.SSOAuthenticationFilter.doFilter(SSOAuthenticationFilter.java:355)
	at org.apache.catalina.core.ApplicationFilterChain.internalDoFilter(ApplicationFilterChain.java:243)
	at org.apache.catalina.core.ApplicationFilterChain.doFilter(ApplicationFilterChain.java:210)
	at org.apache.catalina.core.StandardWrapperValve.invoke(StandardWrapperValve.java:224)
	at org.apache.catalina.core.StandardContextValve.invoke(StandardContextValve.java:175)
	at org.apache.catalina.authenticator.AuthenticatorBase.invoke(AuthenticatorBase.java:472)
	at org.apache.catalina.core.StandardHostValve.invoke(StandardHostValve.java:164)
	at org.apache.catalina.valves.ErrorReportValve.invoke(ErrorReportValve.java:100)
	at org.apache.catalina.valves.AccessLogValve.invoke(AccessLogValve.java:929)
	at org.apache.catalina.core.StandardEngineValve.invoke(StandardEngineValve.java:118)
	at org.apache.catalina.connector.CoyoteAdapter.service(CoyoteAdapter.java:405)
	at org.apache.coyote.http11.Http11Processor.process(Http11Processor.java:279)
	at org.apache.coyote.AbstractProtocol$AbstractConnectionHandler.process(AbstractProtocol.java:515)
	at org.apache.tomcat.util.net.JIoEndpoint$SocketProcessor.run(JIoEndpoint.java:302)
	at java.util.concurrent.ThreadPoolExecutor$Worker.runTask(ThreadPoolExecutor.java:886)
	at java.util.concurrent.ThreadPoolExecutor$Worker.run(ThreadPoolExecutor.java:908)
	at java.lang.Thread.run(Thread.java:680)
13:14:53,964 ERROR [freemarker.runtime] 

Error on line 1, column 1 in org/alfresco/components/dashlets/docsummary.get.html.ftl
args.htmlid is undefined.
It cannot be assigned to id
The problematic instruction:
----------
==> assignment: id=args.htmlid [on line 1, column 1 in org/alfresco/components/dashlets/docsummary.get.html.ftl]
----------

Java backtrace for programmers:
----------
freemarker.core.InvalidReferenceException: Error on line 1, column 1 in org/alfresco/components/dashlets/docsummary.get.html.ftl
args.htmlid is undefined.
It cannot be assigned to id
	at freemarker.core.Assignment.accept(Assignment.java:111)
	at freemarker.core.Environment.visit(Environment.java:208)
	at freemarker.core.MixedContent.accept(MixedContent.java:92)
	at freemarker.core.Environment.visit(Environment.java:208)
	at freemarker.core.Environment.process(Environment.java:188)
	at org.springframework.extensions.webscripts.processor.FTLTemplateProcessor.process(FTLTemplateProcessor.java:171)
	at org.springframework.extensions.webscripts.AbstractWebScript.renderTemplate(AbstractWebScript.java:855)
	at org.springframework.extensions.webscripts.DeclarativeWebScript.renderFormatTemplate(DeclarativeWebScript.java:267)
	at org.springframework.extensions.webscripts.DeclarativeWebScript.execute(DeclarativeWebScript.java:147)
	at org.springframework.extensions.webscripts.PresentationContainer.executeScript(PresentationContainer.java:70)
	at org.springframework.extensions.webscripts.LocalWebScriptRuntimeContainer.executeScript(LocalWebScriptRuntimeContainer.java:240)
	at org.springframework.extensions.webscripts.AbstractRuntime.executeScript(AbstractRuntime.java:372)
	at org.springframework.extensions.webscripts.AbstractRuntime.executeScript(AbstractRuntime.java:209)
	at org.springframework.extensions.webscripts.servlet.mvc.WebScriptView.renderMergedOutputModel(WebScriptView.java:104)
	at org.springframework.web.servlet.view.AbstractView.render(AbstractView.java:262)
	at org.springframework.web.servlet.DispatcherServlet.render(DispatcherServlet.java:1180)
	at org.springframework.web.servlet.DispatcherServlet.doDispatch(DispatcherServlet.java:950)
	at org.springframework.web.servlet.DispatcherServlet.doService(DispatcherServlet.java:852)
	at org.springframework.web.servlet.FrameworkServlet.processRequest(FrameworkServlet.java:882)
	at org.springframework.web.servlet.FrameworkServlet.doGet(FrameworkServlet.java:778)
	at javax.servlet.http.HttpServlet.service(HttpServlet.java:621)
	at javax.servlet.http.HttpServlet.service(HttpServlet.java:722)
	at org.apache.catalina.core.ApplicationFilterChain.internalDoFilter(ApplicationFilterChain.java:304)
	at org.apache.catalina.core.ApplicationFilterChain.doFilter(ApplicationFilterChain.java:210)
	at org.alfresco.web.site.servlet.MTAuthenticationFilter.doFilter(MTAuthenticationFilter.java:74)
	at org.apache.catalina.core.ApplicationFilterChain.internalDoFilter(ApplicationFilterChain.java:243)
	at org.apache.catalina.core.ApplicationFilterChain.doFilter(ApplicationFilterChain.java:210)
	at org.alfresco.web.site.servlet.SSOAuthenticationFilter.doFilter(SSOAuthenticationFilter.java:355)
	at org.apache.catalina.core.ApplicationFilterChain.internalDoFilter(ApplicationFilterChain.java:243)
	at org.apache.catalina.core.ApplicationFilterChain.doFilter(ApplicationFilterChain.java:210)
	at org.apache.catalina.core.StandardWrapperValve.invoke(StandardWrapperValve.java:224)
	at org.apache.catalina.core.StandardContextValve.invoke(StandardContextValve.java:175)
	at org.apache.catalina.authenticator.AuthenticatorBase.invoke(AuthenticatorBase.java:472)
	at org.apache.catalina.core.StandardHostValve.invoke(StandardHostValve.java:164)
	at org.apache.catalina.valves.ErrorReportValve.invoke(ErrorReportValve.java:100)
	at org.apache.catalina.valves.AccessLogValve.invoke(AccessLogValve.java:929)
	at org.apache.catalina.core.StandardEngineValve.invoke(StandardEngineValve.java:118)
	at org.apache.catalina.connector.CoyoteAdapter.service(CoyoteAdapter.java:405)
	at org.apache.coyote.http11.Http11Processor.process(Http11Processor.java:279)
	at org.apache.coyote.AbstractProtocol$AbstractConnectionHandler.process(AbstractProtocol.java:515)
	at org.apache.tomcat.util.net.JIoEndpoint$SocketProcessor.run(JIoEndpoint.java:302)
	at java.util.concurrent.ThreadPoolExecutor$Worker.runTask(ThreadPoolExecutor.java:886)
	at java.util.concurrent.ThreadPoolExecutor$Worker.run(ThreadPoolExecutor.java:908)
	at java.lang.Thread.run(Thread.java:680)
13:15:02,581 ERROR [freemarker.runtime] 

Expression (page.url.args.theme!theme) is undefined on line 9, column 18 in org/alfresco/include/alfresco-template.ftl.
The problematic instruction:
----------
==> assignment: theme=(page.url.args.theme!theme)?html [on line 9, column 1 in org/alfresco/include/alfresco-template.ftl]
 in include "../include/alfresco-template.ftl" [on line 1, column 1 in org/alfresco/global/slingshot-login.ftl]
----------

Java backtrace for programmers:
----------
freemarker.core.InvalidReferenceException: Expression (page.url.args.theme!theme) is undefined on line 9, column 18 in org/alfresco/include/alfresco-template.ftl.
	at freemarker.core.TemplateObject.assertNonNull(TemplateObject.java:124)
	at freemarker.core.Expression.getStringValue(Expression.java:118)
	at freemarker.core.Expression.getStringValue(Expression.java:93)
	at freemarker.core.StringBuiltins$StringBuiltIn._getAsTemplateModel(StringBuiltins.java:71)
	at freemarker.core.Expression.getAsTemplateModel(Expression.java:89)
	at freemarker.core.Assignment.accept(Assignment.java:90)
	at freemarker.core.Environment.visit(Environment.java:208)
	at freemarker.core.MixedContent.accept(MixedContent.java:92)
	at freemarker.core.Environment.visit(Environment.java:208)
	at freemarker.core.Environment.include(Environment.java:1481)
	at freemarker.core.Include.accept(Include.java:169)
	at freemarker.core.Environment.visit(Environment.java:208)
	at freemarker.core.MixedContent.accept(MixedContent.java:92)
	at freemarker.core.Environment.visit(Environment.java:208)
	at freemarker.core.Environment.process(Environment.java:188)
	at org.springframework.extensions.webscripts.processor.FTLTemplateProcessor.process(FTLTemplateProcessor.java:171)
	at org.springframework.extensions.webscripts.WebTemplateProcessor.executeBody(WebTemplateProcessor.java:438)
	at org.springframework.extensions.surf.render.AbstractProcessor.execute(AbstractProcessor.java:57)
	at org.springframework.extensions.surf.render.RenderService.processTemplate(RenderService.java:721)
	at org.springframework.extensions.surf.render.bean.TemplateInstanceRenderer.calculateComponentDependencies(TemplateInstanceRenderer.java:61)
	at org.springframework.extensions.surf.render.bean.TemplateInstanceRenderer.body(TemplateInstanceRenderer.java:118)
	at org.springframework.extensions.surf.render.AbstractRenderer.render(AbstractRenderer.java:77)
	at org.springframework.extensions.surf.render.bean.PageRenderer.body(PageRenderer.java:85)
	at org.springframework.extensions.surf.render.AbstractRenderer.render(AbstractRenderer.java:77)
	at org.springframework.extensions.surf.render.RenderService.renderPage(RenderService.java:762)
	at org.springframework.extensions.surf.mvc.PageView.dispatchPage(PageView.java:419)
	at org.springframework.extensions.surf.mvc.PageView.renderView(PageView.java:258)
	at org.springframework.extensions.surf.mvc.AbstractWebFrameworkView.renderMergedOutputModel(AbstractWebFrameworkView.java:316)
	at org.springframework.web.servlet.view.AbstractView.render(AbstractView.java:262)
	at org.springframework.web.servlet.DispatcherServlet.render(DispatcherServlet.java:1180)
	at org.springframework.web.servlet.DispatcherServlet.doDispatch(DispatcherServlet.java:950)
	at org.springframework.web.servlet.DispatcherServlet.doService(DispatcherServlet.java:852)
	at org.springframework.web.servlet.FrameworkServlet.processRequest(FrameworkServlet.java:882)
	at org.springframework.web.servlet.FrameworkServlet.doGet(FrameworkServlet.java:778)
	at javax.servlet.http.HttpServlet.service(HttpServlet.java:621)
	at javax.servlet.http.HttpServlet.service(HttpServlet.java:722)
	at org.apache.catalina.core.ApplicationFilterChain.internalDoFilter(ApplicationFilterChain.java:304)
	at org.apache.catalina.core.ApplicationFilterChain.doFilter(ApplicationFilterChain.java:210)
	at org.alfresco.web.site.servlet.MTAuthenticationFilter.doFilter(MTAuthenticationFilter.java:74)
	at org.apache.catalina.core.ApplicationFilterChain.internalDoFilter(ApplicationFilterChain.java:243)
	at org.apache.catalina.core.ApplicationFilterChain.doFilter(ApplicationFilterChain.java:210)
	at org.alfresco.web.site.servlet.SSOAuthenticationFilter.doFilter(SSOAuthenticationFilter.java:355)
	at org.apache.catalina.core.ApplicationFilterChain.internalDoFilter(ApplicationFilterChain.java:243)
	at org.apache.catalina.core.ApplicationFilterChain.doFilter(ApplicationFilterChain.java:210)
	at org.apache.catalina.core.StandardWrapperValve.invoke(StandardWrapperValve.java:224)
	at org.apache.catalina.core.StandardContextValve.invoke(StandardContextValve.java:175)
	at org.apache.catalina.authenticator.AuthenticatorBase.invoke(AuthenticatorBase.java:472)
	at org.apache.catalina.core.StandardHostValve.invoke(StandardHostValve.java:164)
	at org.apache.catalina.valves.ErrorReportValve.invoke(ErrorReportValve.java:100)
	at org.apache.catalina.valves.AccessLogValve.invoke(AccessLogValve.java:929)
	at org.apache.catalina.core.StandardEngineValve.invoke(StandardEngineValve.java:118)
	at org.apache.catalina.connector.CoyoteAdapter.service(CoyoteAdapter.java:405)
	at org.apache.coyote.http11.Http11Processor.process(Http11Processor.java:279)
	at org.apache.coyote.AbstractProtocol$AbstractConnectionHandler.process(AbstractProtocol.java:515)
	at org.apache.tomcat.util.net.JIoEndpoint$SocketProcessor.run(JIoEndpoint.java:302)
	at java.util.concurrent.ThreadPoolExecutor$Worker.runTask(ThreadPoolExecutor.java:886)
	at java.util.concurrent.ThreadPoolExecutor$Worker.run(ThreadPoolExecutor.java:908)
	at java.lang.Thread.run(Thread.java:680)
